build/app/outputs/mapping/release/seeds.txt
com.example.supplychain.MainActivity
com.example.supplychain.MainActivity: MainActivity()
...
androidx.savedstate.Recreator
com.yalantis.ucrop.view.CropImageView: float getTargetAspectRatio()
com.google.firebase.firestore.proto.NoDocument: com.google.firebase.firestore.proto.NoDocument DEFAULT_INSTANCE
androidx.window.java.layout.WindowInfoTrackerCallbackAdapter$addListener$1$1$invokeSuspend$$inlined$collect$1: java.lang.Object emit(java.lang.Object,kotlin.coroutines.Continuation)
com.google.android.gms.internal.firebase-auth-api.zzhj: int zzf
kotlinx.coroutines.internal.DispatchedContinuation: java.lang.Object _reusableCancellableContinuation
com.yalantis.ucrop.view.OverlayView: com.yalantis.ucrop.callback.OverlayViewChangeListener getOverlayViewChangeListener()
com.google.firestore.v1.Target$QueryTarget: com.google.firestore.v1.Target$QueryTarget DEFAULT_INSTANCE
com.google.firestore.v1.Value: int STRING_VALUE_FIELD_NUMBER
kotlinx.coroutines.EventLoopImplBase: int _isCompleted
com.journeyapps.barcodescanner.ViewfinderView: void setCameraPreview(com.journeyapps.barcodescanner.CameraPreview)
io.flutter.embedding.engine.FlutterJNI: void onSurfaceChanged(int,int)
com.google.firebase.provider.FirebaseInitProvider: FirebaseInitProvider()
io.flutter.embedding.engine.FlutterOverlaySurface
androidx.appcompat.widget.LinearLayoutCompat: void setBaselineAligned(boolean)
kotlin.jvm.internal.FunctionReference: boolean isExternal()
io.flutter.embedding.engine.mutatorsstack.FlutterMutatorView: android.graphics.Matrix getPlatformViewMatrix()
io.flutter.view.FlutterCallbackInformation
androidx.window.embedding.SplitRule: int minWidth
io.flutter.embedding.engine.FlutterJNI: void setSemanticsEnabled(boolean)
androidx.window.java.layout.WindowInfoTrackerCallbackAdapter$addListener$1$1: java.lang.Object invoke(kotlinx.coroutines.CoroutineScope,kotlin.coroutines.Continuation)
androidx.window.R$styleable: int[] SplitPlaceholderRule
androidx.window.core.Version: Version(int,int,int,java.lang.String)
androidx.appcompat.widget.AppCompatSpinner: android.graphics.PorterDuff$Mode getSupportBackgroundTintMode()
androidx.window.R$id
com.google.android.gms.internal.firebase-auth-api.zzha: com.google.android.gms.internal.firebase-auth-api.zzhj zze
com.google.firestore.v1.StructuredQuery$FieldFilter: com.google.firestore.v1.Value value_
io.grpc.stub.ClientCalls$StubType: io.grpc.stub.ClientCalls$StubType valueOf(java.lang.String)
androidx.window.layout.ExtensionWindowLayoutInfoBackend: androidx.window.extensions.layout.WindowLayoutComponent component
androidx.window.embedding.EmbeddingInterfaceCompat$EmbeddingCallbackInterface
kotlinx.coroutines.android.AndroidExceptionPreHandler: java.lang.reflect.Method preHandler()
androidx.window.layout.HardwareFoldingFeature: androidx.window.layout.FoldingFeature$Orientation getOrientation()
com.journeyapps.barcodescanner.BarcodeView: void setDecoderFactory(com.journeyapps.barcodescanner.DecoderFactory)
androidx.appcompat.widget.AppCompatImageView: void setSupportImageTintList(android.content.res.ColorStateList)
com.google.firebase.firestore.proto.Target: int TARGET_ID_FIELD_NUMBER
androidx.appcompat.widget.AppCompatImageButton: void setImageBitmap(android.graphics.Bitmap)
com.google.android.gms.internal.firebase-auth-api.zzhg: com.google.android.gms.internal.firebase-auth-api.zzha zzf
okhttp3.Protocol: okhttp3.Protocol[] values()
com.yalantis.ucrop.UCropActivity
androidx.versionedparcelable.ParcelImpl
io.flutter.embedding.engine.FlutterJNI: void onPreEngineRestart()
androidx.window.layout.WindowMetricsCalculatorCompat
androidx.window.embedding.EmbeddingInterfaceCompat: void setSplitRules(java.util.Set)
androidx.window.layout.DisplayCompatHelperApi28: androidx.window.layout.DisplayCompatHelperApi28 INSTANCE
androidx.window.embedding.SplitPlaceholderRule: int hashCode()
com.yalantis.ucrop.view.widget.HorizontalProgressWheelView: void setScrollingListener(com.yalantis.ucrop.view.widget.HorizontalProgressWheelView$ScrollingListener)
androidx.window.embedding.EmbeddingBackend: boolean isSplitSupported()