build/app/outputs/mapping/release/mapping.txt
# compiler: R8
# compiler_version: 2.1.62
# min_api: 21
# pg_map_id: 4b4783a
# common_typos_disable
...
io.grpc.Compressor -> f.b.o:
    java.lang.String getMessageEncoding() -> a
    java.io.OutputStream compress(java.io.OutputStream) -> c
io.grpc.CompressorRegistry -> f.b.p:
    io.grpc.CompressorRegistry DEFAULT_INSTANCE -> b
    java.util.concurrent.ConcurrentMap compressors -> a
    io.grpc.CompressorRegistry getDefaultInstance() -> a
    io.grpc.Compressor lookupCompressor(java.lang.String) -> b
io.grpc.ConnectivityState -> f.b.q:
    io.grpc.ConnectivityState TRANSIENT_FAILURE -> h
    io.grpc.ConnectivityState READY -> g
    io.grpc.ConnectivityState[] $VALUES -> k
    io.grpc.ConnectivityState SHUTDOWN -> j
    io.grpc.ConnectivityState IDLE -> i
    io.grpc.ConnectivityState CONNECTING -> f
io.grpc.ConnectivityStateInfo -> f.b.r:
    io.grpc.ConnectivityState state -> a
    io.grpc.Status status -> b
    io.grpc.ConnectivityStateInfo forNonError(io.grpc.ConnectivityState) -> a
    io.grpc.ConnectivityStateInfo forTransientFailure(io.grpc.Status) -> b
    io.grpc.ConnectivityState getState() -> c
    io.grpc.Status getStatus() -> d
io.grpc.Context -> f.b.s:
    java.util.logging.Logger log -> h
    io.grpc.Context$CancellableContext cancellableAncestor -> f
    int generation -> g
    io.grpc.Context ROOT -> i
    void validateGeneration(int) -> A
    void addListener(io.grpc.Context$CancellationListener,java.util.concurrent.Executor) -> a
    io.grpc.Context attach() -> d
    java.lang.Throwable cancellationCause() -> i
    java.lang.Object checkNotNull(java.lang.Object,java.lang.Object) -> j
    io.grpc.Context current() -> l
    void detach(io.grpc.Context) -> q
    io.grpc.Deadline getDeadline() -> s
    boolean isCancelled() -> t
    void removeListener(io.grpc.Context$CancellationListener) -> u
    io.grpc.Context$Storage storage() -> y
io.grpc.Context$CancellableContext -> f.b.s$a:
    io.grpc.Context$CancellationListener parentListener -> k
    java.util.ArrayList listeners -> j
    void access$300(io.grpc.Context$CancellableContext,io.grpc.Context$ExecutableListener) -> D
    void access$400(io.grpc.Context$CancellableContext,io.grpc.Context$CancellationListener,io.grpc.Context) -> F
    void addListenerInternal(io.grpc.Context$ExecutableListener) -> I
    void removeListenerInternal(io.grpc.Context$CancellationListener,io.grpc.Context) -> O
    java.lang.Throwable cancellationCause() -> i
    io.grpc.Deadline getDeadline() -> s
    boolean isCancelled() -> t
    void removeListener(io.grpc.Context$CancellationListener) -> u
io.grpc.Context$CancellationListener -> f.b.s$b:
    void cancelled(io.grpc.Context) -> a
io.grpc.Context$ExecutableListener -> f.b.s$c:
    io.grpc.Context$CancellationListener listener -> g
    java.util.concurrent.Executor executor -> f
    io.grpc.Context context -> h
    io.grpc.Context access$600(io.grpc.Context$ExecutableListener) -> a
io.grpc.Context$LazyStorage -> f.b.s$d:
    io.grpc.Context$Storage storage -> a
    io.grpc.Context$Storage createStorage(java.util.concurrent.atomic.AtomicReference) -> a
io.grpc.Context$Storage -> f.b.s$e:
    void attach(io.grpc.Context) -> a
    io.grpc.Context current() -> b
    void detach(io.grpc.Context,io.grpc.Context) -> c
    io.grpc.Context doAttach(io.grpc.Context) -> d
io.grpc.Contexts -> f.b.t:
    io.grpc.Status statusFromCancelled(io.grpc.Context) -> a