build/app/outputs/mapping/release/usage.txt
com.example.supplychain.R$layout
com.example.supplychain.R$attr
com.example.supplychain.R$interpolator
com.example.supplychain.R$bool
com.example.supplychain.R$animator
com.example.supplychain.R$styleable
com.example.supplychain.R
com.example.supplychain.R$color
com.example.supplychain.R$style
com.example.supplychain.R$string
com.example.supplychain.R$menu
com.example.supplychain.BuildConfig
com.example.supplychain.R$mipmap
com.example.supplychain.R$xml
com.example.supplychain.R$drawable
com.example.supplychain.R$id
com.example.supplychain.R$raw
com.example.supplychain.R$dimen
com.example.supplychain.R$anim
com.example.supplychain.R$integer
...
kotlinx.coroutines.flow.FlowKt__ErrorsKt$retry$4
kotlin.comparisons.ComparisonsKt__ComparisonsKt$thenComparator$1
com.google.api.HttpBodyOrBuilder
com.google.common.collect.Iterables$1
com.google.api.Usage$Builder
io.flutter.embedding.engine.FlutterEngineCache:
    public boolean contains(java.lang.String)
    public void clear()
io.grpc.PartialForwardingClientCallListener
kotlin.contracts.ContractBuilder$DefaultImpls
com.google.common.collect.Synchronized$SynchronizedAsMapEntries$1$1
androidx.activity.R$styleable
com.google.android.gms.internal.safetynet.zzr
io.grpc.InternalCallOptions
kotlin.jvm.functions.Function4:
    public abstract java.lang.Object invoke(java.lang.Object,java.lang.Object,java.lang.Object,java.lang.Object)
com.google.firestore.v1.FirestoreGrpc$FirestoreImplBase
com.google.firebase.auth.internal.zzad
com.google.android.gms.common.api.ResolvingResultCallbacks
io.grpc.okhttp.InternalOkHttpChannelBuilder
com.google.common.escape.Escaper$1
com.google.common.collect.MapMakerInternalMap$StrongKeyStrongValueSegment
androidx.appcompat.widget.AppCompatReceiveContentHelper:
    private void <init>()
    private static final java.lang.String LOG_TAG
    private static final java.lang.String EXTRA_INPUT_CONTENT_INFO
io.flutter.embedding.engine.FlutterEngineGroup$Options
com.google.common.util.concurrent.ClosingFuture$Combiner5$2
com.google.protobuf.DescriptorProtos$UninterpretedOption$NamePartOrBuilder
io.flutter.plugins.firebase.auth.R$layout
androidx.appcompat.content.res.AppCompatResources:
    private void <init>()
    private static final java.lang.String LOG_TAG
androidx.activity.R$color
kotlinx.android.parcel.TypeParceler
com.google.common.collect.DenseImmutableTable$RowMap
com.google.common.collect.TreeBasedTable
com.google.common.base.Converter$ConverterComposition
com.google.common.base.FinalizableReferenceQueue
com.google.common.util.concurrent.AbstractTransformFuture$AsyncTransformFuture
com.google.common.graph.ValueGraph
okhttp3.internal.Util:
    private void <init>()
    public static void closeQuietly(java.net.ServerSocket)
    public static java.nio.charset.Charset bomAwareCharset(okio.BufferedSource,java.nio.charset.Charset)
    public static int checkDuration(java.lang.String,long,java.util.concurrent.TimeUnit)
io.grpc.InternalChannelz:
    private io.grpc.InternalInstrumented getServerSocket(long)
    private static boolean contains(java.util.Map,io.grpc.InternalLogId)
    public void addServer(io.grpc.InternalInstrumented)
    public void addListenSocket(io.grpc.InternalInstrumented)
    public void addServerSocket(io.grpc.InternalInstrumented,io.grpc.InternalInstrumented)
    public void removeServer(io.grpc.InternalInstrumented)
    public void removeListenSocket(io.grpc.InternalInstrumented)
    public void removeServerSocket(io.grpc.InternalInstrumented,io.grpc.InternalInstrumented)
    public io.grpc.InternalChannelz$RootChannelList getRootChannels(long,int)
    public io.grpc.InternalInstrumented getChannel(long)
    public io.grpc.InternalInstrumented getSubchannel(long)
    public io.grpc.InternalChannelz$ServerList getServers(long,int)
    public io.grpc.InternalInstrumented getServer(long)
    public io.grpc.InternalChannelz$ServerSocketsList getServerSockets(long,long,int)
    public io.grpc.InternalInstrumented getSocket(long)
    public boolean containsServer(io.grpc.InternalLogId)
    public boolean containsSubchannel(io.grpc.InternalLogId)
    public io.grpc.InternalInstrumented getRootChannel(long)
    public boolean containsClientSocket(io.grpc.InternalLogId)
com.google.gson.internal.UnsafeAllocator$2
com.google.common.util.concurrent.AsyncCallable
com.google.firebase.firestore.util.CustomClassMapper$DeserializeContext
androidx.viewpager.R$color
com.google.api.ContextRule$Builder
com.google.protobuf.Syntax
kotlinx.coroutines.flow.FlowKt__ZipKt$combineTransform$$inlined$combineTransformUnsafe$FlowKt__ZipKt$2$1
com.google.protobuf.Field$Kind$1